<?xml version="1.0" encoding="UTF-8"?>
<!-- Generated by org.testng.reporters.JUnitReportReporter -->
<testsuite hostname="INHMT1E-DL1092" failures="0" tests="2" name="com.cyient.test.LoginTest" time="24.293" errors="0" timestamp="2021-06-09T12:30:55 IST" skipped="0">
  <testcase classname="com.cyient.test.LoginTest" name="validCredentialTest" time="11.116"/>
  <system-out/>
  <testcase classname="com.cyient.test.LoginTest" name="validCredentialTest" time="13.177"/>
  <system-out/>
</testsuite> <!-- com.cyient.test.LoginTest -->
